                                                                                                     +- - - - - - - - - - - - - - +
                                                                                                     ' scanner.yy.c               '
                                                                                                     '                            '
                                                                                                     ' +------------------------+ '
                                                                                                     ' |        yylex()         | '
                                                                                                     ' +------------------------+ '
                                                                                                     '                            '
                                                                                                     +- - - - - - - - - - - - - - +
                                                                                                         ^
                                                                                                         |
                                                                                                         |
              + - - - - - - - - - - - - -+                                                           +- - - - - - - - - - - - - - +     + - - - - - - - - - - - - - - +
              ' compiler.c               '                                                           ' parser.tab.c               '     ' node.c                      '
              '                          '                                                           '                            '     '                             '
+---+  argv   ' +----------------------+ '            +----------------------+  "scanner:yyscan_t"   ' +------------------------+ '     ' +-------------------------+ '  yyval:node   +-----+
| . | ------> ' |        main()        | ' ---------> | parser_create_tree() | --------------------> ' |       yyparse()        | ' --> ' | node_binary_operation() | ' ------------> | ___ |
+---+         ' +----------------------+ '            +----------------------+                       ' +------------------------+ '     ' +-------------------------+ '               +-----+
              '                          '                                                           '                            '     '                             '
              + - - - - - - - - - - - - -+                                                           +- - - - - - - - - - - - - - +     + - - - - - - - - - - - - - - +
                  |
                  | input:FILE
                  |
                  |                                                                                  +- - - - - - - - - - - - - - +
                  |                                                                                  '                            '
                  v                                                                                  '                            '
                +----------------------+    scanner   +----------------------+  scanner:yyscan_t     ' +------------------------+ '
                | scanner_initialize() |   ---------> |       main2()        | --------------------> ' | scanner_print_tokens() | '
                +----------------------+              +----------------------+                       ' +------------------------+ '
                                                                                                     '                            '
                                                                                                     +- - - - - - - - - - - - - - +
